<?xml version="1.0" encoding="UTF-8"?>
<testng-results ignored="0" total="1" passed="1" failed="0" skipped="0">
  <reporter-output>
  </reporter-output>
  <suite started-at="2020-07-18T23:43:47 IST" name="Default suite" finished-at="2020-07-18T23:43:53 IST" duration-ms="5653">
    <groups>
    </groups>
    <test started-at="2020-07-18T23:43:47 IST" name="Default test" finished-at="2020-07-18T23:43:53 IST" duration-ms="5653">
      <class name="testCases.TestCaseOne">
        <test-method signature="TestCase()[pri:0, instance:testCases.TestCaseOne@6293abcc]" started-at="2020-07-18T23:43:47 IST" name="TestCase" finished-at="2020-07-18T23:43:53 IST" duration-ms="5592" status="PASS">
          <reporter-output>
          </reporter-output>
        </test-method> <!-- TestCase -->
      </class> <!-- testCases.TestCaseOne -->
    </test> <!-- Default test -->
  </suite> <!-- Default suite -->
</testng-results>
